e:\task4\myhashsetapp\myhashsetapp\x64\debug\myhashsetapp.pch
e:\task4\myhashsetapp\myhashsetapp\x64\debug\vc143.pdb
e:\task4\myhashsetapp\myhashsetapp\x64\debug\vc143.idb
e:\task4\myhashsetapp\myhashsetapp\x64\debug\pch.obj
e:\task4\myhashsetapp\myhashsetapp\x64\debug\myhashsetappview.obj
e:\task4\myhashsetapp\myhashsetapp\x64\debug\myhashsetappdoc.obj
e:\task4\myhashsetapp\myhashsetapp\x64\debug\myhashsetapp.obj
e:\task4\myhashsetapp\myhashsetapp\x64\debug\mainfrm.obj
e:\task4\myhashsetapp\myhashsetapp\x64\debug\logger.obj
e:\task4\myhashsetapp\x64\debug\myhashsetapp.exe
e:\task4\myhashsetapp\x64\debug\myhashsetapp.pdb
e:\task4\myhashsetapp\myhashsetapp\x64\debug\myhashsetapp.res
e:\task4\myhashsetapp\myhashsetapp\x64\debug\myhashsetapp.ilk
e:\task4\myhashsetapp\myhashsetapp\x64\debug\myhashsetapp.tlog\cl.command.1.tlog
e:\task4\myhashsetapp\myhashsetapp\x64\debug\myhashsetapp.tlog\cl.items.tlog
e:\task4\myhashsetapp\myhashsetapp\x64\debug\myhashsetapp.tlog\cl.read.1.tlog
e:\task4\myhashsetapp\myhashsetapp\x64\debug\myhashsetapp.tlog\cl.write.1.tlog
e:\task4\myhashsetapp\myhashsetapp\x64\debug\myhashsetapp.tlog\link.command.1.tlog
e:\task4\myhashsetapp\myhashsetapp\x64\debug\myhashsetapp.tlog\link.read.1.tlog
e:\task4\myhashsetapp\myhashsetapp\x64\debug\myhashsetapp.tlog\link.secondary.1.tlog
e:\task4\myhashsetapp\myhashsetapp\x64\debug\myhashsetapp.tlog\link.write.1.tlog
e:\task4\myhashsetapp\myhashsetapp\x64\debug\myhashsetapp.tlog\rc.command.1.tlog
e:\task4\myhashsetapp\myhashsetapp\x64\debug\myhashsetapp.tlog\rc.read.1.tlog
e:\task4\myhashsetapp\myhashsetapp\x64\debug\myhashsetapp.tlog\rc.write.1.tlog
